> Task :app:compileJava UP-TO-DATE
> Task :app:processResources NO-SOURCE
> Task :app:classes UP-TO-DATE
> Task :app:resolveMainClassName UP-TO-DATE

> Task :app:bootRun

  .   ____          _            __ _ _
 /\\ / ___'_ __ _ _(_)_ __  __ _ \ \ \ \
( ( )\___ | '_ | '_| | '_ \/ _` | \ \ \ \
 \\/  ___)| |_)| | | | | || (_| |  ) ) ) )
  '  |____| .__|_| |_|_| |_\__, | / / / /
 =========|_|==============|___/=/_/_/_/

 :: Spring Boot ::                (v3.3.4)

2025-11-02T12:50:25.500Z  INFO 5396 --- [           main] payroll.PayrollApplication               : Starting PayrollApplication using Java 17.0.16 with PID 5396 (/vagrant/CA2_Part2/app/build/classes/java/main started by root in /vagrant/CA2_Part2/app)
2025-11-02T12:50:25.511Z  INFO 5396 --- [           main] payroll.PayrollApplication               : No active profile set, falling back to 1 default profile: "default"
2025-11-02T12:50:27.555Z  INFO 5396 --- [           main] .s.d.r.c.RepositoryConfigurationDelegate : Bootstrapping Spring Data JPA repositories in DEFAULT mode.
2025-11-02T12:50:27.675Z  INFO 5396 --- [           main] .s.d.r.c.RepositoryConfigurationDelegate : Finished Spring Data repository scanning in 101 ms. Found 2 JPA repository interfaces.
2025-11-02T12:50:28.711Z  INFO 5396 --- [           main] o.s.b.w.embedded.tomcat.TomcatWebServer  : Tomcat initialized with port 8080 (http)
2025-11-02T12:50:28.738Z  INFO 5396 --- [           main] o.apache.catalina.core.StandardService   : Starting service [Tomcat]
2025-11-02T12:50:28.739Z  INFO 5396 --- [           main] o.apache.catalina.core.StandardEngine    : Starting Servlet engine: [Apache Tomcat/10.1.30]
2025-11-02T12:50:28.840Z  INFO 5396 --- [           main] o.a.c.c.C.[Tomcat].[localhost].[/]       : Initializing Spring embedded WebApplicationContext
2025-11-02T12:50:28.842Z  INFO 5396 --- [           main] w.s.c.ServletWebServerApplicationContext : Root WebApplicationContext: initialization completed in 3020 ms
2025-11-02T12:50:29.092Z  INFO 5396 --- [           main] com.zaxxer.hikari.HikariDataSource       : HikariPool-1 - Starting...
2025-11-02T12:50:29.405Z  INFO 5396 --- [           main] com.zaxxer.hikari.pool.HikariPool        : HikariPool-1 - Added connection conn0: url=jdbc:h2:mem:e2232971-5765-4bd4-ac26-15511a4c97bb user=SA
2025-11-02T12:50:29.408Z  INFO 5396 --- [           main] com.zaxxer.hikari.HikariDataSource       : HikariPool-1 - Start completed.
2025-11-02T12:50:29.476Z  INFO 5396 --- [           main] o.hibernate.jpa.internal.util.LogHelper  : HHH000204: Processing PersistenceUnitInfo [name: default]
2025-11-02T12:50:29.579Z  INFO 5396 --- [           main] org.hibernate.Version                    : HHH000412: Hibernate ORM core version 6.5.3.Final
2025-11-02T12:50:29.663Z  INFO 5396 --- [           main] o.h.c.internal.RegionFactoryInitiator    : HHH000026: Second-level cache disabled
2025-11-02T12:50:30.451Z  INFO 5396 --- [           main] o.s.o.j.p.SpringPersistenceUnitInfo      : No LoadTimeWeaver setup: ignoring JPA class transformer
2025-11-02T12:50:32.148Z  INFO 5396 --- [           main] o.h.e.t.j.p.i.JtaPlatformInitiator       : HHH000489: No JTA platform available (set 'hibernate.transaction.jta.platform' to enable JTA platform integration)
2025-11-02T12:50:32.231Z  INFO 5396 --- [           main] j.LocalContainerEntityManagerFactoryBean : Initialized JPA EntityManagerFactory for persistence unit 'default'
2025-11-02T12:50:32.779Z  WARN 5396 --- [           main] JpaBaseConfiguration$JpaWebConfiguration : spring.jpa.open-in-view is enabled by default. Therefore, database queries may be performed during view rendering. Explicitly configure spring.jpa.open-in-view to disable this warning
2025-11-02T12:50:33.609Z  INFO 5396 --- [           main] o.s.b.w.embedded.tomcat.TomcatWebServer  : Tomcat started on port 8080 (http) with context path '/'
2025-11-02T12:50:33.626Z  INFO 5396 --- [           main] payroll.PayrollApplication               : Started PayrollApplication in 9.175 seconds (process running for 9.827)
2025-11-02T12:50:34.036Z  INFO 5396 --- [           main] payroll.LoadDatabase                     : Preloaded Employee{id=1, firstName='Bilbo', lastName='Baggins', role='burglar'}
2025-11-02T12:50:34.037Z  INFO 5396 --- [           main] payroll.LoadDatabase                     : Preloaded Employee{id=2, firstName='Frodo', lastName='Baggins', role='thief'}
2025-11-02T12:50:34.048Z  INFO 5396 --- [           main] payroll.LoadDatabase                     : Preloaded Order{id=1, description='MacBook Pro', status=COMPLETED}
2025-11-02T12:50:34.049Z  INFO 5396 --- [           main] payroll.LoadDatabase                     : Preloaded Order{id=2, description='iPhone', status=IN_PROGRESS}
2025-11-02T12:50:47.716Z  INFO 5396 --- [nio-8080-exec-1] o.a.c.c.C.[Tomcat].[localhost].[/]       : Initializing Spring DispatcherServlet 'dispatcherServlet'
2025-11-02T12:50:47.717Z  INFO 5396 --- [nio-8080-exec-1] o.s.web.servlet.DispatcherServlet        : Initializing Servlet 'dispatcherServlet'
2025-11-02T12:50:47.719Z  INFO 5396 --- [nio-8080-exec-1] o.s.web.servlet.DispatcherServlet        : Completed initialization in 2 ms
